2013-04-05 16:10:56,090 [ModalContext] WARN  o.e.m.i.discovery.MavenDiscovery - CatalogItem org.eclipse.m2e.discovery.lifecyclemapping.m2e-wtp does not contain lifecycle mapping metadata
2013-04-05 16:10:56,161 [ModalContext] WARN  o.e.m.i.discovery.MavenDiscovery - CatalogItem org.eclipse.m2e.discovery.lifecyclemapping.m2e-egit does not contain lifecycle mapping metadata
2013-04-05 16:10:56,162 [ModalContext] WARN  o.e.m.i.discovery.MavenDiscovery - CatalogItem org.eclipse.m2e.discovery.lifecyclemapping.m2e-subversive does not contain lifecycle mapping metadata
2013-04-05 16:10:56,163 [ModalContext] WARN  o.e.m.i.discovery.MavenDiscovery - CatalogItem org.eclipse.m2e.discovery.lifecyclemapping.m2e-subclipse does not contain lifecycle mapping metadata
2013-04-05 16:12:57,649 [Worker-10] INFO  o.e.m.c.i.l.LifecycleMappingFactory - Using org.maven.ide.eclipse.wtp.WarLifecycleMapping lifecycle mapping for MavenProject: mx.sep.sajja.web:sep-sajja-web:0.0.1-web-SNAPSHOT @ C:\Users\Alf\Documents\smart\estrategasfam\workspace\sep-sajja-web\pom.xml.
2013-04-05 16:13:00,537 [Worker-10] INFO  o.e.m.c.i.l.LifecycleMappingFactory - Using org.eclipse.m2e.jdt.JarLifecycleMapping lifecycle mapping for MavenProject: mx.sep.sajja.servicios:sep-sajja-servicios:0.0.1-SNAPSHOT-servicios @ C:\Users\Alf\Documents\smart\estrategasfam\workspace\sep-sajja-servicios\pom.xml.
2013-04-05 16:13:00,623 [Worker-10] INFO  o.e.m.c.i.l.LifecycleMappingFactory - Using org.eclipse.m2e.jdt.JarLifecycleMapping lifecycle mapping for MavenProject: mx.sep.sajja.datos:sep-sajja-datos:0.0.1-SNAPSHOT-datos @ C:\Users\Alf\Documents\smart\estrategasfam\workspace\sep-sajja-datos\pom.xml.
2013-04-05 16:13:00,680 [Worker-10] INFO  o.e.m.c.i.l.LifecycleMappingFactory - Using org.eclipse.m2e.jdt.JarLifecycleMapping lifecycle mapping for MavenProject: mx.sep.seguridad:sep-seguridad:1.0.0-seguridad @ C:\Users\Alf\Documents\smart\estrategasfam\workspace\sep-seguridad\pom.xml.
2013-04-05 16:13:00,738 [Worker-10] INFO  o.e.m.c.i.l.LifecycleMappingFactory - Using org.eclipse.m2e.jdt.JarLifecycleMapping lifecycle mapping for MavenProject: mx.sep.sajja.modelo:sep-sajja-modelo:0.0.1-SNAPSHOT-modelo @ C:\Users\Alf\Documents\smart\estrategasfam\workspace\sep-sajja-modelo\pom.xml.
2013-04-05 16:13:08,409 [Worker-10] INFO  o.e.m.j.i.AbstractJavaProjectConfigurator - Adding source folder /sep-sajja-modelo/src/main/java
2013-04-05 16:13:08,409 [Worker-10] INFO  o.e.m.j.i.AbstractJavaProjectConfigurator - Adding source folder /sep-sajja-modelo/src/test/java
2013-04-05 16:13:08,646 [Worker-10] INFO  o.e.m.j.i.AbstractJavaProjectConfigurator - Adding source folder /sep-sajja-datos/src/main/java
2013-04-05 16:13:08,647 [Worker-10] INFO  o.e.m.j.i.AbstractJavaProjectConfigurator - Adding resource folder /sep-sajja-datos/src/main/resources
2013-04-05 16:13:08,649 [Worker-10] INFO  o.e.m.j.i.AbstractJavaProjectConfigurator - Adding source folder /sep-sajja-datos/src/test/java
2013-04-05 16:13:08,649 [Worker-10] INFO  o.e.m.j.i.AbstractJavaProjectConfigurator - Adding resource folder /sep-sajja-datos/src/test/resources
2013-04-05 16:13:08,689 [Worker-13] INFO  o.e.m.c.i.l.LifecycleMappingFactory - Using org.maven.ide.eclipse.wtp.WarLifecycleMapping lifecycle mapping for MavenProject: mx.sep.sajja.web:sep-sajja-web:0.0.1-web-SNAPSHOT @ C:\Users\Alf\Documents\smart\estrategasfam\workspace\sep-sajja-web\pom.xml.
2013-04-05 16:13:09,220 [Worker-10] INFO  o.e.m.j.i.AbstractJavaProjectConfigurator - Adding source folder /sep-sajja-servicios/src/main/java
2013-04-05 16:13:09,410 [Worker-10] INFO  o.e.m.j.i.AbstractJavaProjectConfigurator - Adding resource folder /sep-sajja-servicios/src/main/resources
2013-04-05 16:13:09,411 [Worker-10] INFO  o.e.m.j.i.AbstractJavaProjectConfigurator - Adding source folder /sep-sajja-servicios/src/test/java
2013-04-05 16:13:09,787 [Worker-10] INFO  o.e.m.j.i.AbstractJavaProjectConfigurator - Adding source folder /sep-seguridad/src/main/java
2013-04-05 16:13:09,792 [Worker-10] INFO  o.e.m.j.i.AbstractJavaProjectConfigurator - Adding resource folder /sep-seguridad/src/main/resources
2013-04-05 16:13:09,794 [Worker-10] INFO  o.e.m.j.i.AbstractJavaProjectConfigurator - Adding source folder /sep-seguridad/src/test/java
2013-04-05 16:13:09,885 [Worker-13] INFO  o.e.m.c.i.l.LifecycleMappingFactory - Using org.eclipse.m2e.jdt.JarLifecycleMapping lifecycle mapping for MavenProject: mx.sep.sajja.servicios:sep-sajja-servicios:0.0.1-SNAPSHOT-servicios @ C:\Users\Alf\Documents\smart\estrategasfam\workspace\sep-sajja-servicios\pom.xml.
2013-04-05 16:13:10,329 [Worker-10] INFO  o.e.m.j.i.AbstractJavaProjectConfigurator - Adding source folder /sep-sajja-web/src/main/java
2013-04-05 16:13:10,329 [Worker-10] INFO  o.e.m.j.i.AbstractJavaProjectConfigurator - Adding resource folder /sep-sajja-web/src/main/resources
2013-04-05 16:13:10,329 [Worker-10] INFO  o.e.m.j.i.AbstractJavaProjectConfigurator - Adding source folder /sep-sajja-web/src/test/java
2013-04-05 16:13:10,392 [Worker-13] INFO  o.e.m.c.i.l.LifecycleMappingFactory - Using org.eclipse.m2e.jdt.JarLifecycleMapping lifecycle mapping for MavenProject: mx.sep.sajja.datos:sep-sajja-datos:0.0.1-SNAPSHOT-datos @ C:\Users\Alf\Documents\smart\estrategasfam\workspace\sep-sajja-datos\pom.xml.
2013-04-05 16:13:10,831 [Worker-13] INFO  o.e.m.c.i.l.LifecycleMappingFactory - Using org.eclipse.m2e.jdt.JarLifecycleMapping lifecycle mapping for MavenProject: mx.sep.seguridad:sep-seguridad:1.0.0-seguridad @ C:\Users\Alf\Documents\smart\estrategasfam\workspace\sep-seguridad\pom.xml.
2013-04-05 16:13:11,035 [Worker-10] INFO  o.e.m.c.i.p.ProjectConfigurationManager - Project import completed 22 sec
2013-04-05 16:13:11,151 [Worker-13] INFO  o.e.m.c.i.l.LifecycleMappingFactory - Using org.eclipse.m2e.jdt.JarLifecycleMapping lifecycle mapping for MavenProject: mx.sep.sajja.modelo:sep-sajja-modelo:0.0.1-SNAPSHOT-modelo @ C:\Users\Alf\Documents\smart\estrategasfam\workspace\sep-sajja-modelo\pom.xml.
2013-04-05 16:13:16,584 [Worker-15] INFO  o.e.m.c.i.p.ProjectConfigurationManager - Update started
2013-04-05 16:13:16,585 [Worker-15] INFO  o.e.m.c.i.p.ProjectConfigurationManager - Update completed: 0 sec
2013-04-05 16:13:17,161 [Worker-13] INFO  o.e.m.c.i.l.LifecycleMappingFactory - Using org.eclipse.m2e.jdt.JarLifecycleMapping lifecycle mapping for MavenProject: mx.sep.sajja.datos:sep-sajja-datos:0.0.1-SNAPSHOT-datos @ C:\Users\Alf\Documents\smart\estrategasfam\workspace\sep-sajja-datos\pom.xml.
2013-04-05 16:13:17,731 [Worker-13] INFO  o.e.m.c.i.l.LifecycleMappingFactory - Using org.eclipse.m2e.jdt.JarLifecycleMapping lifecycle mapping for MavenProject: mx.sep.sajja.modelo:sep-sajja-modelo:0.0.1-SNAPSHOT-modelo @ C:\Users\Alf\Documents\smart\estrategasfam\workspace\sep-sajja-modelo\pom.xml.
2013-04-05 16:13:17,898 [Worker-13] INFO  o.e.m.c.i.l.LifecycleMappingFactory - Using org.eclipse.m2e.jdt.JarLifecycleMapping lifecycle mapping for MavenProject: mx.sep.sajja.servicios:sep-sajja-servicios:0.0.1-SNAPSHOT-servicios @ C:\Users\Alf\Documents\smart\estrategasfam\workspace\sep-sajja-servicios\pom.xml.
2013-04-05 16:13:18,175 [Worker-13] INFO  o.e.m.c.i.l.LifecycleMappingFactory - Using org.maven.ide.eclipse.wtp.WarLifecycleMapping lifecycle mapping for MavenProject: mx.sep.sajja.web:sep-sajja-web:0.0.1-web-SNAPSHOT @ C:\Users\Alf\Documents\smart\estrategasfam\workspace\sep-sajja-web\pom.xml.
2013-04-05 16:13:18,704 [Worker-13] INFO  o.e.m.c.i.l.LifecycleMappingFactory - Using org.eclipse.m2e.jdt.JarLifecycleMapping lifecycle mapping for MavenProject: mx.sep.seguridad:sep-seguridad:1.0.0-seguridad @ C:\Users\Alf\Documents\smart\estrategasfam\workspace\sep-seguridad\pom.xml.
2013-04-05 16:13:36,419 [Worker-19] INFO  o.e.m.c.i.l.LifecycleMappingFactory - Using org.eclipse.m2e.jdt.JarLifecycleMapping lifecycle mapping for MavenProject: mx.sep.sajja.modelo:sep-sajja-modelo:0.0.1-SNAPSHOT-modelo @ C:\Users\Alf\Documents\smart\estrategasfam\workspace\sep-sajja-modelo\pom.xml.
2013-04-05 16:13:36,969 [Worker-19] INFO  o.e.m.c.i.embedder.EclipseLogger - Using 'UTF-8' encoding to copy filtered resources.
2013-04-05 16:13:36,977 [Worker-19] INFO  o.e.m.c.i.embedder.EclipseLogger - skip non existing resourceDirectory C:\Users\Alf\Documents\smart\estrategasfam\workspace\sep-sajja-modelo\src\main\resources
2013-04-05 16:13:36,980 [Worker-19] INFO  o.e.m.c.i.embedder.EclipseLogger - Using 'UTF-8' encoding to copy filtered resources.
2013-04-05 16:13:36,980 [Worker-19] INFO  o.e.m.c.i.embedder.EclipseLogger - skip non existing resourceDirectory C:\Users\Alf\Documents\smart\estrategasfam\workspace\sep-sajja-modelo\src\test\resources
2013-04-05 16:13:38,391 [Worker-19] INFO  o.e.m.c.i.l.LifecycleMappingFactory - Using org.eclipse.m2e.jdt.JarLifecycleMapping lifecycle mapping for MavenProject: mx.sep.sajja.datos:sep-sajja-datos:0.0.1-SNAPSHOT-datos @ C:\Users\Alf\Documents\smart\estrategasfam\workspace\sep-sajja-datos\pom.xml.
2013-04-05 16:13:38,978 [Worker-19] INFO  o.e.m.c.i.embedder.EclipseLogger - Using 'UTF-8' encoding to copy filtered resources.
2013-04-05 16:13:38,988 [Worker-19] INFO  o.e.m.c.i.embedder.EclipseLogger - Copying 11 resources to .
2013-04-05 16:13:39,330 [Worker-19] INFO  o.e.m.c.i.embedder.EclipseLogger - Using 'UTF-8' encoding to copy filtered resources.
2013-04-05 16:13:39,332 [Worker-19] INFO  o.e.m.c.i.embedder.EclipseLogger - Copying 3 resources
2013-04-05 16:13:41,653 [Worker-19] INFO  o.e.m.c.i.l.LifecycleMappingFactory - Using org.eclipse.m2e.jdt.JarLifecycleMapping lifecycle mapping for MavenProject: mx.sep.sajja.servicios:sep-sajja-servicios:0.0.1-SNAPSHOT-servicios @ C:\Users\Alf\Documents\smart\estrategasfam\workspace\sep-sajja-servicios\pom.xml.
2013-04-05 16:13:42,080 [Worker-19] INFO  o.e.m.c.i.embedder.EclipseLogger - Using 'UTF-8' encoding to copy filtered resources.
2013-04-05 16:13:42,084 [Worker-19] INFO  o.e.m.c.i.embedder.EclipseLogger - Copying 3 resources
2013-04-05 16:13:42,108 [Worker-19] INFO  o.e.m.c.i.embedder.EclipseLogger - Using 'UTF-8' encoding to copy filtered resources.
2013-04-05 16:13:42,108 [Worker-19] INFO  o.e.m.c.i.embedder.EclipseLogger - skip non existing resourceDirectory C:\Users\Alf\Documents\smart\estrategasfam\workspace\sep-sajja-servicios\src\test\resources
2013-04-05 16:13:43,861 [Worker-19] INFO  o.e.m.c.i.l.LifecycleMappingFactory - Using org.eclipse.m2e.jdt.JarLifecycleMapping lifecycle mapping for MavenProject: mx.sep.seguridad:sep-seguridad:1.0.0-seguridad @ C:\Users\Alf\Documents\smart\estrategasfam\workspace\sep-seguridad\pom.xml.
2013-04-05 16:13:44,252 [Worker-19] INFO  o.e.m.c.i.embedder.EclipseLogger - Using 'UTF-8' encoding to copy filtered resources.
2013-04-05 16:13:44,259 [Worker-19] INFO  o.e.m.c.i.embedder.EclipseLogger - Copying 9 resources to .
2013-04-05 16:13:44,329 [Worker-19] INFO  o.e.m.c.i.embedder.EclipseLogger - Using 'UTF-8' encoding to copy filtered resources.
2013-04-05 16:13:44,329 [Worker-19] INFO  o.e.m.c.i.embedder.EclipseLogger - skip non existing resourceDirectory C:\Users\Alf\Documents\smart\estrategasfam\workspace\sep-seguridad\src\test\resources
2013-04-05 16:15:50,739 [Worker-19] INFO  o.e.m.c.i.l.LifecycleMappingFactory - Using org.maven.ide.eclipse.wtp.WarLifecycleMapping lifecycle mapping for MavenProject: mx.sep.sajja.web:sep-sajja-web:0.0.1-web-SNAPSHOT @ C:\Users\Alf\Documents\smart\estrategasfam\workspace\sep-sajja-web\pom.xml.
2013-04-05 16:15:51,885 [Worker-19] WARN  o.e.m.c.i.embedder.EclipseLogger - File encoding has not been set, using platform encoding Cp1252, i.e. build is platform dependent!
2013-04-05 16:15:51,886 [Worker-19] WARN  o.e.m.c.i.embedder.EclipseLogger - Using platform encoding (Cp1252 actually) to copy filtered resources, i.e. build is platform dependent!
2013-04-05 16:15:51,889 [Worker-19] INFO  o.e.m.c.i.embedder.EclipseLogger - Copying 3 resources to .
2013-04-05 16:15:51,907 [Worker-19] WARN  o.e.m.c.i.embedder.EclipseLogger - Using platform encoding (Cp1252 actually) to copy filtered resources, i.e. build is platform dependent!
2013-04-05 16:15:51,908 [Worker-19] INFO  o.e.m.c.i.embedder.EclipseLogger - skip non existing resourceDirectory C:\Users\Alf\Documents\smart\estrategasfam\workspace\sep-sajja-web\src\test\resources
2013-04-05 16:15:51,909 [Worker-19] INFO  o.e.m.w.i.f.ResourceFilteringBuildParticipant - Executing resource filtering for sep-sajja-web
2013-04-05 16:15:52,063 [Worker-19] WARN  o.e.m.c.i.embedder.EclipseLogger - File encoding has not been set, using platform encoding Cp1252, i.e. build is platform dependent!
2013-04-05 16:15:52,064 [Worker-19] WARN  o.e.m.c.i.embedder.EclipseLogger - Using platform encoding (Cp1252 actually) to copy filtered resources, i.e. build is platform dependent!
2013-04-05 16:15:52,065 [Worker-19] INFO  o.e.m.c.i.embedder.EclipseLogger - Copying 4 resources to WEB-INF
2013-04-05 18:11:16,286 [Worker-30] INFO  o.e.m.c.i.l.LifecycleMappingFactory - Using org.maven.ide.eclipse.wtp.WarLifecycleMapping lifecycle mapping for MavenProject: mx.sep.sajja.web:sep-sajja-web:0.0.1-web-SNAPSHOT @ C:\Users\Alf\Documents\smart\estrategasfam\workspace\sep-sajja-web\pom.xml.
2013-04-05 18:11:16,774 [Worker-30] INFO  o.e.m.c.i.l.LifecycleMappingFactory - Using org.maven.ide.eclipse.wtp.WarLifecycleMapping lifecycle mapping for MavenProject: mx.sep.sajja.web:sep-sajja-web:0.0.1-web-SNAPSHOT @ C:\Users\Alf\Documents\smart\estrategasfam\workspace\sep-sajja-web\pom.xml.
2013-04-05 18:11:18,093 [Worker-30] ERROR o.e.m.c.i.p.r.ProjectRegistryRefreshJob - null
java.lang.NullPointerException: null
	at org.eclipse.m2e.wtp.WTPProjectConfigurator.mavenProjectChanged(WTPProjectConfigurator.java:72) ~[na:na]
	at org.eclipse.m2e.core.internal.project.ProjectConfigurationManager.mavenProjectChanged(ProjectConfigurationManager.java:905) ~[na:na]
	at org.eclipse.m2e.core.internal.project.registry.ProjectRegistryManager.notifyProjectChangeListeners(ProjectRegistryManager.java:732) ~[na:na]
	at org.eclipse.m2e.core.internal.project.registry.ProjectRegistryManager.applyMutableProjectRegistry(ProjectRegistryManager.java:855) ~[na:na]
	at org.eclipse.m2e.core.internal.project.registry.ProjectRegistryRefreshJob.run(ProjectRegistryRefreshJob.java:94) ~[na:na]
	at org.eclipse.core.internal.jobs.Worker.run(Worker.java:54) [org.eclipse.core.jobs_3.5.200.v20120521-2346.jar:na]
2013-04-05 18:18:54,176 [Worker-33] INFO  o.e.m.c.i.l.LifecycleMappingFactory - Using org.eclipse.m2e.jdt.JarLifecycleMapping lifecycle mapping for MavenProject: mx.sep.sajja.servicios:sep-sajja-servicios:0.0.1-SNAPSHOT-servicios @ C:\Users\Alf\Documents\smart\estrategasfam\workspace\sep-sajja-servicios\pom.xml.
2013-04-05 18:18:54,347 [Worker-33] INFO  o.e.m.c.i.l.LifecycleMappingFactory - Using org.eclipse.m2e.jdt.JarLifecycleMapping lifecycle mapping for MavenProject: mx.sep.sajja.datos:sep-sajja-datos:0.0.1-SNAPSHOT-datos @ C:\Users\Alf\Documents\smart\estrategasfam\workspace\sep-sajja-datos\pom.xml.
2013-04-05 18:18:54,437 [Worker-33] INFO  o.e.m.c.i.l.LifecycleMappingFactory - Using org.eclipse.m2e.jdt.JarLifecycleMapping lifecycle mapping for MavenProject: mx.sep.seguridad:sep-seguridad:1.0.0-seguridad @ C:\Users\Alf\Documents\smart\estrategasfam\workspace\sep-seguridad\pom.xml.
2013-04-05 18:18:54,491 [Worker-33] INFO  o.e.m.c.i.l.LifecycleMappingFactory - Using org.eclipse.m2e.jdt.JarLifecycleMapping lifecycle mapping for MavenProject: mx.sep.sajja.modelo:sep-sajja-modelo:0.0.1-SNAPSHOT-modelo @ C:\Users\Alf\Documents\smart\estrategasfam\workspace\sep-sajja-modelo\pom.xml.
2013-04-05 18:18:55,496 [Worker-33] INFO  o.e.m.j.i.AbstractJavaProjectConfigurator - Adding source folder /sep-sajja-modelo/src/main/java
2013-04-05 18:18:55,497 [Worker-33] INFO  o.e.m.j.i.AbstractJavaProjectConfigurator - Adding source folder /sep-sajja-modelo/src/test/java
2013-04-05 18:18:55,656 [Worker-33] INFO  o.e.m.j.i.AbstractJavaProjectConfigurator - Adding source folder /sep-sajja-datos/src/main/java
2013-04-05 18:18:55,657 [Worker-33] INFO  o.e.m.j.i.AbstractJavaProjectConfigurator - Adding resource folder /sep-sajja-datos/src/main/resources
2013-04-05 18:18:55,658 [Worker-33] INFO  o.e.m.j.i.AbstractJavaProjectConfigurator - Adding source folder /sep-sajja-datos/src/test/java
2013-04-05 18:18:55,658 [Worker-33] INFO  o.e.m.j.i.AbstractJavaProjectConfigurator - Adding resource folder /sep-sajja-datos/src/test/resources
2013-04-05 18:18:55,839 [Worker-24] INFO  o.e.m.c.i.l.LifecycleMappingFactory - Using org.eclipse.m2e.jdt.JarLifecycleMapping lifecycle mapping for MavenProject: mx.sep.sajja.servicios:sep-sajja-servicios:0.0.1-SNAPSHOT-servicios @ C:\Users\Alf\Documents\smart\estrategasfam\workspace\sep-sajja-servicios\pom.xml.
2013-04-05 18:18:56,036 [Worker-33] INFO  o.e.m.j.i.AbstractJavaProjectConfigurator - Adding source folder /sep-sajja-servicios/src/main/java
2013-04-05 18:18:56,037 [Worker-33] INFO  o.e.m.j.i.AbstractJavaProjectConfigurator - Adding resource folder /sep-sajja-servicios/src/main/resources
2013-04-05 18:18:56,037 [Worker-33] INFO  o.e.m.j.i.AbstractJavaProjectConfigurator - Adding source folder /sep-sajja-servicios/src/test/java
2013-04-05 18:18:56,447 [Worker-24] INFO  o.e.m.c.i.l.LifecycleMappingFactory - Using org.eclipse.m2e.jdt.JarLifecycleMapping lifecycle mapping for MavenProject: mx.sep.sajja.datos:sep-sajja-datos:0.0.1-SNAPSHOT-datos @ C:\Users\Alf\Documents\smart\estrategasfam\workspace\sep-sajja-datos\pom.xml.
2013-04-05 18:18:56,451 [Worker-33] INFO  o.e.m.j.i.AbstractJavaProjectConfigurator - Adding source folder /sep-seguridad/src/main/java
2013-04-05 18:18:56,451 [Worker-33] INFO  o.e.m.j.i.AbstractJavaProjectConfigurator - Adding resource folder /sep-seguridad/src/main/resources
2013-04-05 18:18:56,452 [Worker-33] INFO  o.e.m.j.i.AbstractJavaProjectConfigurator - Adding source folder /sep-seguridad/src/test/java
2013-04-05 18:18:57,009 [Worker-33] INFO  o.e.m.c.i.p.ProjectConfigurationManager - Project import completed 3 sec
2013-04-05 18:18:57,027 [Worker-24] INFO  o.e.m.c.i.l.LifecycleMappingFactory - Using org.eclipse.m2e.jdt.JarLifecycleMapping lifecycle mapping for MavenProject: mx.sep.seguridad:sep-seguridad:1.0.0-seguridad @ C:\Users\Alf\Documents\smart\estrategasfam\workspace\sep-seguridad\pom.xml.
2013-04-05 18:18:57,766 [Worker-33] INFO  o.e.m.c.i.p.ProjectConfigurationManager - Update started
2013-04-05 18:18:57,766 [Worker-33] INFO  o.e.m.c.i.p.ProjectConfigurationManager - Update completed: 0 sec
2013-04-05 18:18:58,348 [Worker-24] INFO  o.e.m.c.i.l.LifecycleMappingFactory - Using org.eclipse.m2e.jdt.JarLifecycleMapping lifecycle mapping for MavenProject: mx.sep.sajja.modelo:sep-sajja-modelo:0.0.1-SNAPSHOT-modelo @ C:\Users\Alf\Documents\smart\estrategasfam\workspace\sep-sajja-modelo\pom.xml.
2013-04-05 18:18:58,437 [Worker-36] INFO  o.e.m.c.i.l.LifecycleMappingFactory - Using org.eclipse.m2e.jdt.JarLifecycleMapping lifecycle mapping for MavenProject: mx.sep.sajja.modelo:sep-sajja-modelo:0.0.1-SNAPSHOT-modelo @ C:\Users\Alf\Documents\smart\estrategasfam\workspace\sep-sajja-modelo\pom.xml.
2013-04-05 18:18:58,698 [Worker-36] INFO  o.e.m.c.i.embedder.EclipseLogger - Using 'UTF-8' encoding to copy filtered resources.
2013-04-05 18:18:58,698 [Worker-36] INFO  o.e.m.c.i.embedder.EclipseLogger - skip non existing resourceDirectory C:\Users\Alf\Documents\smart\estrategasfam\workspace\sep-sajja-modelo\src\main\resources
2013-04-05 18:18:58,700 [Worker-36] INFO  o.e.m.c.i.embedder.EclipseLogger - Using 'UTF-8' encoding to copy filtered resources.
2013-04-05 18:18:58,701 [Worker-36] INFO  o.e.m.c.i.embedder.EclipseLogger - skip non existing resourceDirectory C:\Users\Alf\Documents\smart\estrategasfam\workspace\sep-sajja-modelo\src\test\resources
2013-04-05 18:18:59,184 [Worker-36] INFO  o.e.m.c.i.l.LifecycleMappingFactory - Using org.eclipse.m2e.jdt.JarLifecycleMapping lifecycle mapping for MavenProject: mx.sep.sajja.datos:sep-sajja-datos:0.0.1-SNAPSHOT-datos @ C:\Users\Alf\Documents\smart\estrategasfam\workspace\sep-sajja-datos\pom.xml.
2013-04-05 18:18:59,512 [Worker-36] INFO  o.e.m.c.i.embedder.EclipseLogger - Using 'UTF-8' encoding to copy filtered resources.
2013-04-05 18:18:59,515 [Worker-36] INFO  o.e.m.c.i.embedder.EclipseLogger - Copying 11 resources to .
2013-04-05 18:18:59,563 [Worker-36] INFO  o.e.m.c.i.embedder.EclipseLogger - Using 'UTF-8' encoding to copy filtered resources.
2013-04-05 18:18:59,564 [Worker-36] INFO  o.e.m.c.i.embedder.EclipseLogger - Copying 3 resources
2013-04-05 18:19:01,312 [Worker-36] INFO  o.e.m.c.i.l.LifecycleMappingFactory - Using org.eclipse.m2e.jdt.JarLifecycleMapping lifecycle mapping for MavenProject: mx.sep.sajja.servicios:sep-sajja-servicios:0.0.1-SNAPSHOT-servicios @ C:\Users\Alf\Documents\smart\estrategasfam\workspace\sep-sajja-servicios\pom.xml.
2013-04-05 18:19:01,748 [Worker-36] INFO  o.e.m.c.i.embedder.EclipseLogger - Using 'UTF-8' encoding to copy filtered resources.
2013-04-05 18:19:01,750 [Worker-36] INFO  o.e.m.c.i.embedder.EclipseLogger - Copying 3 resources
2013-04-05 18:19:01,758 [Worker-36] INFO  o.e.m.c.i.embedder.EclipseLogger - Using 'UTF-8' encoding to copy filtered resources.
2013-04-05 18:19:01,758 [Worker-36] INFO  o.e.m.c.i.embedder.EclipseLogger - skip non existing resourceDirectory C:\Users\Alf\Documents\smart\estrategasfam\workspace\sep-sajja-servicios\src\test\resources
2013-04-05 18:19:02,577 [Worker-36] INFO  o.e.m.c.i.l.LifecycleMappingFactory - Using org.eclipse.m2e.jdt.JarLifecycleMapping lifecycle mapping for MavenProject: mx.sep.seguridad:sep-seguridad:1.0.0-seguridad @ C:\Users\Alf\Documents\smart\estrategasfam\workspace\sep-seguridad\pom.xml.
2013-04-05 18:19:03,136 [Worker-36] INFO  o.e.m.c.i.embedder.EclipseLogger - Using 'UTF-8' encoding to copy filtered resources.
2013-04-05 18:19:03,138 [Worker-36] INFO  o.e.m.c.i.embedder.EclipseLogger - Copying 9 resources to .
2013-04-05 18:19:03,203 [Worker-36] INFO  o.e.m.c.i.embedder.EclipseLogger - Using 'UTF-8' encoding to copy filtered resources.
2013-04-05 18:19:03,203 [Worker-36] INFO  o.e.m.c.i.embedder.EclipseLogger - skip non existing resourceDirectory C:\Users\Alf\Documents\smart\estrategasfam\workspace\sep-seguridad\src\test\resources
2013-04-05 18:19:04,267 [Worker-34] INFO  o.e.m.c.i.l.LifecycleMappingFactory - Using org.eclipse.m2e.jdt.JarLifecycleMapping lifecycle mapping for MavenProject: mx.sep.sajja.servicios:sep-sajja-servicios:0.0.1-SNAPSHOT-servicios @ C:\Users\Alf\Documents\smart\estrategasfam\workspace\sep-sajja-servicios\pom.xml.
2013-04-05 18:19:04,654 [Worker-34] INFO  o.e.m.c.i.l.LifecycleMappingFactory - Using org.eclipse.m2e.jdt.JarLifecycleMapping lifecycle mapping for MavenProject: mx.sep.sajja.datos:sep-sajja-datos:0.0.1-SNAPSHOT-datos @ C:\Users\Alf\Documents\smart\estrategasfam\workspace\sep-sajja-datos\pom.xml.
2013-04-05 18:19:04,837 [Worker-34] INFO  o.e.m.c.i.l.LifecycleMappingFactory - Using org.eclipse.m2e.jdt.JarLifecycleMapping lifecycle mapping for MavenProject: mx.sep.seguridad:sep-seguridad:1.0.0-seguridad @ C:\Users\Alf\Documents\smart\estrategasfam\workspace\sep-seguridad\pom.xml.
2013-04-05 18:19:05,121 [Worker-34] INFO  o.e.m.c.i.l.LifecycleMappingFactory - Using org.eclipse.m2e.jdt.JarLifecycleMapping lifecycle mapping for MavenProject: mx.sep.sajja.modelo:sep-sajja-modelo:0.0.1-SNAPSHOT-modelo @ C:\Users\Alf\Documents\smart\estrategasfam\workspace\sep-sajja-modelo\pom.xml.
2013-04-05 18:19:30,987 [Worker-36] INFO  o.e.m.c.i.p.ProjectConfigurationManager - Project import completed 0 sec
2013-04-05 18:19:30,988 [Worker-36] INFO  o.e.m.c.i.p.ProjectConfigurationManager - Update started
2013-04-05 18:19:30,988 [Worker-36] INFO  o.e.m.c.i.p.ProjectConfigurationManager - Update completed: 0 sec
2013-04-05 18:19:36,709 [Worker-26] ERROR o.e.m.c.i.p.r.ProjectRegistryManager - Failed to read Maven project: 2 problems were encountered while building the effective model for mx.estrategas.fam.web:estrategas-fam-web:0.0.1-web-SNAPSHOT
[WARNING] 'parent.relativePath' points at mx.estrategas.fam:estrategas-fam instead of mx.estregas.fam:estrategas-fam, please verify your project structure @ line 5, column 11
[FATAL] Non-resolvable parent POM: Could not find artifact mx.estregas.fam:estrategas-fam:pom:0.0.1-SNAPSHOT and 'parent.relativePath' points at wrong local POM @ line 5, column 11
 for project mx.estrategas.fam.web:estrategas-fam-web:0.0.1-web-SNAPSHOT at C:\Users\Alf\Documents\smart\estrategasfam\workspace\estrategas-fam\pom.xml
org.apache.maven.project.ProjectBuildingException: 2 problems were encountered while building the effective model for mx.estrategas.fam.web:estrategas-fam-web:0.0.1-web-SNAPSHOT
[WARNING] 'parent.relativePath' points at mx.estrategas.fam:estrategas-fam instead of mx.estregas.fam:estrategas-fam, please verify your project structure @ line 5, column 11
[FATAL] Non-resolvable parent POM: Could not find artifact mx.estregas.fam:estrategas-fam:pom:0.0.1-SNAPSHOT and 'parent.relativePath' points at wrong local POM @ line 5, column 11
 for project mx.estrategas.fam.web:estrategas-fam-web:0.0.1-web-SNAPSHOT at C:\Users\Alf\Documents\smart\estrategasfam\workspace\estrategas-fam\pom.xml
	at org.apache.maven.project.DefaultProjectBuilder.build(DefaultProjectBuilder.java:149) ~[maven-core-3.0.4.jar:3.0.4]
	at org.apache.maven.project.DefaultProjectBuilder.build(DefaultProjectBuilder.java:102) ~[maven-core-3.0.4.jar:3.0.4]
	at org.eclipse.m2e.core.internal.embedder.MavenImpl.readProject(MavenImpl.java:588) ~[org.eclipse.m2e.core_1.3.1.20130219-1424.jar:na]
	at org.eclipse.m2e.core.internal.project.registry.ProjectRegistryManager.readProjectWithDependencies(ProjectRegistryManager.java:754) ~[org.eclipse.m2e.core_1.3.1.20130219-1424.jar:na]
	at org.eclipse.m2e.core.internal.project.registry.ProjectRegistryManager.create(ProjectRegistryManager.java:169) ~[org.eclipse.m2e.core_1.3.1.20130219-1424.jar:na]
	at org.eclipse.m2e.core.internal.project.registry.MavenProjectManager.create(MavenProjectManager.java:70) [org.eclipse.m2e.core_1.3.1.20130219-1424.jar:na]
	at org.eclipse.m2e.core.ui.internal.actions.SelectionUtil.getMavenProject(SelectionUtil.java:277) [org.eclipse.m2e.core.ui_1.3.1.20130219-1424.jar:na]
	at org.eclipse.m2e.editor.pom.MavenPomEditor.readMavenProject(MavenPomEditor.java:754) [org.eclipse.m2e.editor_1.3.1.20130219-1424.jar:na]
	at org.eclipse.m2e.editor.pom.MavenPomEditor$6.run(MavenPomEditor.java:1077) [org.eclipse.m2e.editor_1.3.1.20130219-1424.jar:na]
	at org.eclipse.core.internal.jobs.Worker.run(Worker.java:54) [org.eclipse.core.jobs_3.5.200.v20120521-2346.jar:na]
Caused by: org.apache.maven.model.building.ModelBuildingException: 2 problems were encountered while building the effective model for mx.estrategas.fam.web:estrategas-fam-web:0.0.1-web-SNAPSHOT
[WARNING] 'parent.relativePath' points at mx.estrategas.fam:estrategas-fam instead of mx.estregas.fam:estrategas-fam, please verify your project structure @ line 5, column 11
[FATAL] Non-resolvable parent POM: Could not find artifact mx.estregas.fam:estrategas-fam:pom:0.0.1-SNAPSHOT and 'parent.relativePath' points at wrong local POM @ line 5, column 11

	at org.apache.maven.model.building.DefaultModelProblemCollector.newModelBuildingException(DefaultModelProblemCollector.java:195) ~[maven-model-builder-3.0.4.jar:3.0.4]
	at org.apache.maven.model.building.DefaultModelBuilder.readParentExternally(DefaultModelBuilder.java:841) ~[maven-model-builder-3.0.4.jar:3.0.4]
	at org.apache.maven.model.building.DefaultModelBuilder.readParent(DefaultModelBuilder.java:664) ~[maven-model-builder-3.0.4.jar:3.0.4]
	at org.apache.maven.model.building.DefaultModelBuilder.build(DefaultModelBuilder.java:310) ~[maven-model-builder-3.0.4.jar:3.0.4]
	at org.apache.maven.model.building.DefaultModelBuilder.build(DefaultModelBuilder.java:232) ~[maven-model-builder-3.0.4.jar:3.0.4]
	at org.apache.maven.project.DefaultProjectBuilder.build(DefaultProjectBuilder.java:142) ~[maven-core-3.0.4.jar:3.0.4]
	... 9 common frames omitted
2013-04-05 18:20:58,532 [Worker-34] INFO  o.e.m.c.i.embedder.EclipseLogger - Using 'UTF-8' encoding to copy filtered resources.
2013-04-05 18:20:58,533 [Worker-34] INFO  o.e.m.c.i.embedder.EclipseLogger - skip non existing resourceDirectory C:\Users\Alf\Documents\smart\estrategasfam\workspace\sep-sajja-modelo\src\main\resources
2013-04-05 18:20:58,534 [Worker-34] INFO  o.e.m.c.i.embedder.EclipseLogger - Using 'UTF-8' encoding to copy filtered resources.
2013-04-05 18:20:58,534 [Worker-34] INFO  o.e.m.c.i.embedder.EclipseLogger - skip non existing resourceDirectory C:\Users\Alf\Documents\smart\estrategasfam\workspace\sep-sajja-modelo\src\test\resources
2013-04-05 18:20:58,569 [Worker-34] INFO  o.e.m.c.i.embedder.EclipseLogger - Using 'UTF-8' encoding to copy filtered resources.
2013-04-05 18:20:58,595 [Worker-34] INFO  o.e.m.c.i.embedder.EclipseLogger - Copying 0 resource to .
2013-04-05 18:20:58,597 [Worker-34] INFO  o.e.m.c.i.embedder.EclipseLogger - Using 'UTF-8' encoding to copy filtered resources.
2013-04-05 18:20:58,597 [Worker-34] INFO  o.e.m.c.i.embedder.EclipseLogger - Copying 0 resource
2013-04-05 18:20:58,624 [Worker-34] INFO  o.e.m.c.i.embedder.EclipseLogger - Using 'UTF-8' encoding to copy filtered resources.
2013-04-05 18:20:58,624 [Worker-34] INFO  o.e.m.c.i.embedder.EclipseLogger - Copying 0 resource
2013-04-05 18:20:58,626 [Worker-34] INFO  o.e.m.c.i.embedder.EclipseLogger - Using 'UTF-8' encoding to copy filtered resources.
2013-04-05 18:20:58,626 [Worker-34] INFO  o.e.m.c.i.embedder.EclipseLogger - skip non existing resourceDirectory C:\Users\Alf\Documents\smart\estrategasfam\workspace\sep-sajja-servicios\src\test\resources
2013-04-05 18:20:58,640 [Worker-34] INFO  o.e.m.c.i.embedder.EclipseLogger - Using 'UTF-8' encoding to copy filtered resources.
2013-04-05 18:20:58,640 [Worker-34] INFO  o.e.m.c.i.embedder.EclipseLogger - Copying 0 resource to .
2013-04-05 18:20:58,643 [Worker-34] INFO  o.e.m.c.i.embedder.EclipseLogger - Using 'UTF-8' encoding to copy filtered resources.
2013-04-05 18:20:58,644 [Worker-34] INFO  o.e.m.c.i.embedder.EclipseLogger - skip non existing resourceDirectory C:\Users\Alf\Documents\smart\estrategasfam\workspace\sep-seguridad\src\test\resources
2013-04-05 18:23:11,039 [Worker-33] ERROR o.e.m.c.i.p.r.ProjectRegistryManager - Failed to read Maven project: 2 problems were encountered while building the effective model for mx.estrategas.fam.web:estrategas-fam-web:0.0.1-web-SNAPSHOT
[WARNING] 'parent.relativePath' points at mx.estrategas.fam:estrategas-fam instead of mx.estregas.fam:estrategas-fam, please verify your project structure @ line 5, column 11
[FATAL] Non-resolvable parent POM: Could not find artifact mx.estregas.fam:estrategas-fam:pom:0.0.1-SNAPSHOT and 'parent.relativePath' points at wrong local POM @ line 5, column 11
 for project mx.estrategas.fam.web:estrategas-fam-web:0.0.1-web-SNAPSHOT at C:\Users\Alf\Documents\smart\estrategasfam\workspace\estrategas-fam-web\pom.xml
org.apache.maven.project.ProjectBuildingException: 2 problems were encountered while building the effective model for mx.estrategas.fam.web:estrategas-fam-web:0.0.1-web-SNAPSHOT
[WARNING] 'parent.relativePath' points at mx.estrategas.fam:estrategas-fam instead of mx.estregas.fam:estrategas-fam, please verify your project structure @ line 5, column 11
[FATAL] Non-resolvable parent POM: Could not find artifact mx.estregas.fam:estrategas-fam:pom:0.0.1-SNAPSHOT and 'parent.relativePath' points at wrong local POM @ line 5, column 11
 for project mx.estrategas.fam.web:estrategas-fam-web:0.0.1-web-SNAPSHOT at C:\Users\Alf\Documents\smart\estrategasfam\workspace\estrategas-fam-web\pom.xml
	at org.apache.maven.project.DefaultProjectBuilder.build(DefaultProjectBuilder.java:149) ~[maven-core-3.0.4.jar:3.0.4]
	at org.apache.maven.project.DefaultProjectBuilder.build(DefaultProjectBuilder.java:102) ~[maven-core-3.0.4.jar:3.0.4]
	at org.eclipse.m2e.core.internal.embedder.MavenImpl.readProject(MavenImpl.java:588) ~[org.eclipse.m2e.core_1.3.1.20130219-1424.jar:na]
	at org.eclipse.m2e.core.internal.project.registry.ProjectRegistryManager.readProjectWithDependencies(ProjectRegistryManager.java:754) ~[org.eclipse.m2e.core_1.3.1.20130219-1424.jar:na]
	at org.eclipse.m2e.core.internal.project.registry.ProjectRegistryManager.create(ProjectRegistryManager.java:169) ~[org.eclipse.m2e.core_1.3.1.20130219-1424.jar:na]
	at org.eclipse.m2e.core.internal.project.registry.MavenProjectManager.create(MavenProjectManager.java:70) [org.eclipse.m2e.core_1.3.1.20130219-1424.jar:na]
	at org.eclipse.m2e.core.ui.internal.actions.SelectionUtil.getMavenProject(SelectionUtil.java:277) [org.eclipse.m2e.core.ui_1.3.1.20130219-1424.jar:na]
	at org.eclipse.m2e.editor.pom.MavenPomEditor.readMavenProject(MavenPomEditor.java:754) [org.eclipse.m2e.editor_1.3.1.20130219-1424.jar:na]
	at org.eclipse.m2e.editor.pom.MavenPomEditor$6.run(MavenPomEditor.java:1077) [org.eclipse.m2e.editor_1.3.1.20130219-1424.jar:na]
	at org.eclipse.core.internal.jobs.Worker.run(Worker.java:54) [org.eclipse.core.jobs_3.5.200.v20120521-2346.jar:na]
Caused by: org.apache.maven.model.building.ModelBuildingException: 2 problems were encountered while building the effective model for mx.estrategas.fam.web:estrategas-fam-web:0.0.1-web-SNAPSHOT
[WARNING] 'parent.relativePath' points at mx.estrategas.fam:estrategas-fam instead of mx.estregas.fam:estrategas-fam, please verify your project structure @ line 5, column 11
[FATAL] Non-resolvable parent POM: Could not find artifact mx.estregas.fam:estrategas-fam:pom:0.0.1-SNAPSHOT and 'parent.relativePath' points at wrong local POM @ line 5, column 11

	at org.apache.maven.model.building.DefaultModelProblemCollector.newModelBuildingException(DefaultModelProblemCollector.java:195) ~[maven-model-builder-3.0.4.jar:3.0.4]
	at org.apache.maven.model.building.DefaultModelBuilder.readParentExternally(DefaultModelBuilder.java:841) ~[maven-model-builder-3.0.4.jar:3.0.4]
	at org.apache.maven.model.building.DefaultModelBuilder.readParent(DefaultModelBuilder.java:664) ~[maven-model-builder-3.0.4.jar:3.0.4]
	at org.apache.maven.model.building.DefaultModelBuilder.build(DefaultModelBuilder.java:310) ~[maven-model-builder-3.0.4.jar:3.0.4]
	at org.apache.maven.model.building.DefaultModelBuilder.build(DefaultModelBuilder.java:232) ~[maven-model-builder-3.0.4.jar:3.0.4]
	at org.apache.maven.project.DefaultProjectBuilder.build(DefaultProjectBuilder.java:142) ~[maven-core-3.0.4.jar:3.0.4]
	... 9 common frames omitted
2013-04-05 18:24:40,827 [Worker-37] INFO  o.e.m.c.i.embedder.EclipseLogger - Using 'UTF-8' encoding to copy filtered resources.
2013-04-05 18:24:40,921 [Worker-37] INFO  o.e.m.c.i.embedder.EclipseLogger - Copying 9 resources to .
2013-04-05 18:24:40,935 [Worker-37] INFO  o.e.m.c.i.embedder.EclipseLogger - Using 'UTF-8' encoding to copy filtered resources.
2013-04-05 18:24:40,935 [Worker-37] INFO  o.e.m.c.i.embedder.EclipseLogger - skip non existing resourceDirectory C:\Users\Alf\Documents\smart\estrategasfam\workspace\sep-seguridad\src\test\resources
2013-04-05 18:24:57,011 [Worker-35] INFO  o.e.m.c.i.l.LifecycleMappingFactory - Using org.eclipse.m2e.jdt.JarLifecycleMapping lifecycle mapping for MavenProject: mx.sep.sajja.datos:sep-sajja-datos:0.0.1-SNAPSHOT-datos @ C:\Users\Alf\Documents\smart\estrategasfam\workspace\sep-sajja-datos\pom.xml.
